2026-06-04 12:36:32,403 INFO Memulai ekstraksi: raw_garis_kemiskinan...
2026-06-04 12:36:32,977 INFO ✅ Sukses! Data tersimpan: data\raw\raw_garis_kemiskinan_20260604T053632Z.json dan data\raw\raw_garis_kemiskinan_20260604T053632Z.csv
2026-06-04 12:36:32,982 INFO Memulai ekstraksi: raw_persentase_miskin...
2026-06-04 12:36:33,500 INFO ✅ Sukses! Data tersimpan: data\raw\raw_persentase_miskin_20260604T053633Z.json dan data\raw\raw_persentase_miskin_20260604T053633Z.csv
2026-06-04 12:36:33,507 INFO Memulai ekstraksi: raw_keparahan_kemiskinan...
2026-06-04 12:36:34,019 INFO ✅ Sukses! Data tersimpan: data\raw\raw_keparahan_kemiskinan_20260604T053634Z.json dan data\raw\raw_keparahan_kemiskinan_20260604T053634Z.csv
2026-06-04 12:36:34,025 INFO Memulai ekstraksi: raw_ipm_sp2010...
2026-06-04 12:36:34,558 INFO ✅ Sukses! Data tersimpan: data\raw\raw_ipm_sp2010_20260604T053634Z.json dan data\raw\raw_ipm_sp2010_20260604T053634Z.csv
2026-06-04 12:36:34,562 INFO Memulai ekstraksi: raw_pengangguran_terbuka...
2026-06-04 12:36:35,127 INFO ✅ Sukses! Data tersimpan: data\raw\raw_pengangguran_terbuka_20260604T053635Z.json dan data\raw\raw_pengangguran_terbuka_20260604T053635Z.csv
2026-06-04 12:48:58,576 INFO Memulai ekstraksi: raw_garis_kemiskinan...
2026-06-04 12:48:59,092 INFO Skipped raw_garis_kemiskinan: checksum already ingested (existing file: raw_garis_kemiskinan_20260604T053632Z.json)
2026-06-04 12:48:59,097 INFO Memulai ekstraksi: raw_persentase_miskin...
2026-06-04 12:48:59,596 INFO Skipped raw_persentase_miskin: checksum already ingested (existing file: raw_persentase_miskin_20260604T053633Z.json)
2026-06-04 12:48:59,600 INFO Memulai ekstraksi: raw_keparahan_kemiskinan...
2026-06-04 12:49:00,156 INFO Skipped raw_keparahan_kemiskinan: checksum already ingested (existing file: raw_keparahan_kemiskinan_20260604T053634Z.json)
2026-06-04 12:49:00,160 INFO Memulai ekstraksi: raw_ipm_sp2010...
2026-06-04 12:49:00,726 INFO Skipped raw_ipm_sp2010: checksum already ingested (existing file: raw_ipm_sp2010_20260604T053634Z.json)
2026-06-04 12:49:00,731 INFO Memulai ekstraksi: raw_pengangguran_terbuka...
2026-06-04 12:49:01,234 INFO Skipped raw_pengangguran_terbuka: checksum already ingested (existing file: raw_pengangguran_terbuka_20260604T053635Z.json)
2026-06-04 13:01:32,284 INFO Memulai ekstraksi: raw_garis_kemiskinan...
2026-06-04 13:01:32,810 INFO Skipped raw_garis_kemiskinan: checksum already ingested (existing file: raw_garis_kemiskinan_20260604T053632Z.json)
2026-06-04 13:01:32,813 INFO Memulai ekstraksi: raw_persentase_miskin...
2026-06-04 13:01:33,293 INFO Skipped raw_persentase_miskin: checksum already ingested (existing file: raw_persentase_miskin_20260604T053633Z.json)
2026-06-04 13:01:33,296 INFO Memulai ekstraksi: raw_keparahan_kemiskinan...
2026-06-04 13:01:33,768 INFO Skipped raw_keparahan_kemiskinan: checksum already ingested (existing file: raw_keparahan_kemiskinan_20260604T053634Z.json)
2026-06-04 13:01:33,772 INFO Memulai ekstraksi: raw_ipm_sp2010...
2026-06-04 13:01:34,236 INFO Skipped raw_ipm_sp2010: checksum already ingested (existing file: raw_ipm_sp2010_20260604T053634Z.json)
2026-06-04 13:01:34,239 INFO Memulai ekstraksi: raw_pengangguran_terbuka...
2026-06-04 13:01:34,816 INFO Skipped raw_pengangguran_terbuka: checksum already ingested (existing file: raw_pengangguran_terbuka_20260604T053635Z.json)
